{"/home/travis/build/npmtest/node-npmtest-easy-table/test.js":{"path":"/home/travis/build/npmtest/node-npmtest-easy-table/test.js","s":{"1":2,"2":2,"3":2,"4":2,"5":2,"6":2,"7":2,"8":1,"9":2,"10":2,"11":1,"12":1,"13":1,"14":1,"15":2,"16":2,"17":2,"18":2,"19":1,"20":1,"21":2,"22":2,"23":2,"24":1,"25":1,"26":1,"27":1,"28":1,"29":1,"30":1,"31":1,"32":1,"33":1,"34":1,"35":1,"36":1,"37":1,"38":1,"39":2,"40":2,"41":1,"42":2,"43":2,"44":1,"45":2,"46":2,"47":1,"48":2,"49":2,"50":1,"51":1,"52":1,"53":1,"54":1},"b":{"1":[2,1,1,1],"2":[1,1,1,1],"3":[1,1],"4":[1,1],"5":[1,1],"6":[1,1],"7":[1,1],"8":[1,1],"9":[1,1],"10":[1,1,1],"11":[1,1],"12":[1,1],"13":[1,1],"14":[1,1],"15":[1,1],"16":[1,1],"17":[1,1]},"f":{"1":2,"2":2,"3":2,"4":2,"5":2,"6":1,"7":1,"8":1,"9":2,"10":2,"11":2,"12":2,"13":1},"fnMap":{"1":{"name":"(anonymous_1)","line":12,"loc":{"start":{"line":12,"column":1},"end":{"line":12,"column":13}}},"2":{"name":"(anonymous_2)","line":19,"loc":{"start":{"line":19,"column":5},"end":{"line":19,"column":17}}},"3":{"name":"(anonymous_3)","line":23,"loc":{"start":{"line":23,"column":24},"end":{"line":23,"column":36}}},"4":{"name":"(anonymous_4)","line":61,"loc":{"start":{"line":61,"column":5},"end":{"line":61,"column":17}}},"5":{"name":"(anonymous_5)","line":82,"loc":{"start":{"line":82,"column":5},"end":{"line":82,"column":17}}},"6":{"name":"(anonymous_6)","line":91,"loc":{"start":{"line":91,"column":77},"end":{"line":94,"column":10}}},"7":{"name":"(anonymous_7)","line":112,"loc":{"start":{"line":112,"column":83},"end":{"line":115,"column":10}},"skip":true},"8":{"name":"(anonymous_8)","line":123,"loc":{"start":{"line":123,"column":77},"end":{"line":126,"column":10}},"skip":true},"9":{"name":"(anonymous_9)","line":139,"loc":{"start":{"line":139,"column":12},"end":{"line":139,"column":40}},"skip":true},"10":{"name":"(anonymous_10)","line":147,"loc":{"start":{"line":147,"column":77},"end":{"line":150,"column":10}},"skip":true},"11":{"name":"(anonymous_11)","line":158,"loc":{"start":{"line":158,"column":83},"end":{"line":161,"column":10}},"skip":true},"12":{"name":"(anonymous_12)","line":169,"loc":{"start":{"line":169,"column":79},"end":{"line":172,"column":10}},"skip":true},"13":{"name":"(anonymous_13)","line":180,"loc":{"start":{"line":180,"column":75},"end":{"line":183,"column":10}},"skip":true}},"statementMap":{"1":{"start":{"line":12,"column":0},"end":{"line":195,"column":5}},"2":{"start":{"line":14,"column":4},"end":{"line":14,"column":14}},"3":{"start":{"line":19,"column":4},"end":{"line":56,"column":9}},"4":{"start":{"line":21,"column":8},"end":{"line":21,"column":19}},"5":{"start":{"line":23,"column":8},"end":{"line":35,"column":13}},"6":{"start":{"line":24,"column":12},"end":{"line":34,"column":13}},"7":{"start":{"line":25,"column":16},"end":{"line":28,"column":30}},"8":{"start":{"line":30,"column":16},"end":{"line":33,"column":27}},"9":{"start":{"line":37,"column":8},"end":{"line":39,"column":21}},"10":{"start":{"line":40,"column":8},"end":{"line":53,"column":9}},"11":{"start":{"line":43,"column":12},"end":{"line":46,"column":14}},"12":{"start":{"line":47,"column":12},"end":{"line":47,"column":18}},"13":{"start":{"line":50,"column":12},"end":{"line":51,"column":46}},"14":{"start":{"line":52,"column":12},"end":{"line":52,"column":18}},"15":{"start":{"line":55,"column":8},"end":{"line":55,"column":35}},"16":{"start":{"line":61,"column":4},"end":{"line":63,"column":9}},"17":{"start":{"line":62,"column":8},"end":{"line":62,"column":15}},"18":{"start":{"line":64,"column":4},"end":{"line":77,"column":5}},"19":{"start":{"line":70,"column":8},"end":{"line":70,"column":14}},"20":{"start":{"line":76,"column":8},"end":{"line":76,"column":14}},"21":{"start":{"line":82,"column":4},"end":{"line":84,"column":9}},"22":{"start":{"line":83,"column":8},"end":{"line":83,"column":15}},"23":{"start":{"line":85,"column":4},"end":{"line":194,"column":5}},"24":{"start":{"line":91,"column":8},"end":{"line":99,"column":10}},"25":{"start":{"line":98,"column":12},"end":{"line":98,"column":35}},"26":{"start":{"line":102,"column":8},"end":{"line":104,"column":63}},"27":{"start":{"line":105,"column":8},"end":{"line":105,"column":14}},"28":{"start":{"line":112,"column":8},"end":{"line":121,"column":10},"skip":true},"29":{"start":{"line":119,"column":12},"end":{"line":119,"column":55},"skip":true},"30":{"start":{"line":120,"column":12},"end":{"line":120,"column":48},"skip":true},"31":{"start":{"line":123,"column":8},"end":{"line":136,"column":10},"skip":true},"32":{"start":{"line":130,"column":12},"end":{"line":130,"column":76},"skip":true},"33":{"start":{"line":131,"column":12},"end":{"line":131,"column":73},"skip":true},"34":{"start":{"line":132,"column":12},"end":{"line":132,"column":74},"skip":true},"35":{"start":{"line":133,"column":12},"end":{"line":133,"column":79},"skip":true},"36":{"start":{"line":134,"column":12},"end":{"line":134,"column":25},"skip":true},"37":{"start":{"line":135,"column":12},"end":{"line":135,"column":45},"skip":true},"38":{"start":{"line":138,"column":8},"end":{"line":145,"column":14},"skip":true},"39":{"start":{"line":143,"column":16},"end":{"line":143,"column":29},"skip":true},"40":{"start":{"line":144,"column":16},"end":{"line":144,"column":55},"skip":true},"41":{"start":{"line":147,"column":8},"end":{"line":156,"column":10},"skip":true},"42":{"start":{"line":154,"column":12},"end":{"line":154,"column":25},"skip":true},"43":{"start":{"line":155,"column":12},"end":{"line":155,"column":45},"skip":true},"44":{"start":{"line":158,"column":8},"end":{"line":167,"column":10},"skip":true},"45":{"start":{"line":165,"column":12},"end":{"line":165,"column":25},"skip":true},"46":{"start":{"line":166,"column":12},"end":{"line":166,"column":48},"skip":true},"47":{"start":{"line":169,"column":8},"end":{"line":178,"column":10},"skip":true},"48":{"start":{"line":176,"column":12},"end":{"line":176,"column":25},"skip":true},"49":{"start":{"line":177,"column":12},"end":{"line":177,"column":46},"skip":true},"50":{"start":{"line":180,"column":8},"end":{"line":189,"column":10},"skip":true},"51":{"start":{"line":187,"column":12},"end":{"line":187,"column":94},"skip":true},"52":{"start":{"line":188,"column":12},"end":{"line":188,"column":48},"skip":true},"53":{"start":{"line":192,"column":8},"end":{"line":192,"column":35},"skip":true},"54":{"start":{"line":193,"column":8},"end":{"line":193,"column":14},"skip":true}},"branchMap":{"1":{"line":25,"type":"binary-expr","locations":[{"start":{"line":25,"column":23},"end":{"line":25,"column":62}},{"start":{"line":26,"column":20},"end":{"line":26,"column":70}},{"start":{"line":27,"column":20},"end":{"line":27,"column":71}},{"start":{"line":28,"column":20},"end":{"line":28,"column":29}}]},"2":{"line":30,"type":"binary-expr","locations":[{"start":{"line":30,"column":23},"end":{"line":30,"column":37}},{"start":{"line":31,"column":20},"end":{"line":31,"column":61}},{"start":{"line":32,"column":20},"end":{"line":32,"column":70}},{"start":{"line":33,"column":20},"end":{"line":33,"column":26}}]},"3":{"line":37,"type":"cond-expr","locations":[{"start":{"line":38,"column":14},"end":{"line":38,"column":20}},{"start":{"line":39,"column":14},"end":{"line":39,"column":20}}]},"4":{"line":40,"type":"switch","locations":[{"start":{"line":42,"column":8},"end":{"line":47,"column":18}},{"start":{"line":49,"column":8},"end":{"line":52,"column":18}}]},"5":{"line":44,"type":"binary-expr","locations":[{"start":{"line":44,"column":16},"end":{"line":44,"column":44}},{"start":{"line":44,"column":48},"end":{"line":44,"column":66}}]},"6":{"line":50,"type":"binary-expr","locations":[{"start":{"line":50,"column":21},"end":{"line":50,"column":49}},{"start":{"line":50,"column":53},"end":{"line":50,"column":72}}]},"7":{"line":64,"type":"switch","locations":[{"start":{"line":69,"column":4},"end":{"line":70,"column":14}},{"start":{"line":75,"column":4},"end":{"line":76,"column":14}}]},"8":{"line":85,"type":"switch","locations":[{"start":{"line":90,"column":4},"end":{"line":105,"column":14}},{"start":{"line":111,"column":4},"end":{"line":193,"column":14},"skip":true}]},"9":{"line":91,"type":"binary-expr","locations":[{"start":{"line":91,"column":42},"end":{"line":91,"column":73}},{"start":{"line":91,"column":77},"end":{"line":99,"column":9}}]},"10":{"line":102,"type":"binary-expr","locations":[{"start":{"line":102,"column":18},"end":{"line":102,"column":32}},{"start":{"line":103,"column":12},"end":{"line":103,"column":53}},{"start":{"line":104,"column":12},"end":{"line":104,"column":61}}]},"11":{"line":112,"type":"binary-expr","locations":[{"start":{"line":112,"column":45},"end":{"line":112,"column":79},"skip":true},{"start":{"line":112,"column":83},"end":{"line":121,"column":9},"skip":true}]},"12":{"line":123,"type":"binary-expr","locations":[{"start":{"line":123,"column":42},"end":{"line":123,"column":73},"skip":true},{"start":{"line":123,"column":77},"end":{"line":136,"column":9},"skip":true}]},"13":{"line":138,"type":"binary-expr","locations":[{"start":{"line":138,"column":48},"end":{"line":138,"column":85},"skip":true},{"start":{"line":139,"column":12},"end":{"line":145,"column":13},"skip":true}]},"14":{"line":147,"type":"binary-expr","locations":[{"start":{"line":147,"column":42},"end":{"line":147,"column":73},"skip":true},{"start":{"line":147,"column":77},"end":{"line":156,"column":9},"skip":true}]},"15":{"line":158,"type":"binary-expr","locations":[{"start":{"line":158,"column":45},"end":{"line":158,"column":79},"skip":true},{"start":{"line":158,"column":83},"end":{"line":167,"column":9},"skip":true}]},"16":{"line":169,"type":"binary-expr","locations":[{"start":{"line":169,"column":43},"end":{"line":169,"column":75},"skip":true},{"start":{"line":169,"column":79},"end":{"line":178,"column":9},"skip":true}]},"17":{"line":180,"type":"binary-expr","locations":[{"start":{"line":180,"column":41},"end":{"line":180,"column":71},"skip":true},{"start":{"line":180,"column":75},"end":{"line":189,"column":9},"skip":true}]}},"code":["/* istanbul instrument in package npmtest_easy_table */","/*jslint","    bitwise: true,","    browser: true,","    maxerr: 8,","    maxlen: 96,","    node: true,","    nomen: true,","    regexp: true,","    stupid: true","*/","(function () {","    'use strict';","    var local;","","","","    // run shared js-env code - pre-init","    (function () {","        // init local","        local = {};","        // init modeJs","        local.modeJs = (function () {","            try {","                return typeof navigator.userAgent === 'string' &&","                    typeof document.querySelector('body') === 'object' &&","                    typeof XMLHttpRequest.prototype.open === 'function' &&","                    'browser';","            } catch (errorCaughtBrowser) {","                return module.exports &&","                    typeof process.versions.node === 'string' &&","                    typeof require('http').createServer === 'function' &&","                    'node';","            }","        }());","        // init global","        local.global = local.modeJs === 'browser'","            ? window","            : global;","        switch (local.modeJs) {","        // re-init local from window.local","        case 'browser':","            local = local.global.utility2.objectSetDefault(","                local.global.utility2_rollup || local.global.local,","                local.global.utility2","            );","            break;","        // re-init local from example.js","        case 'node':","            local = (local.global.utility2_rollup || require('utility2'))","                .requireExampleJsFromReadme();","            break;","        }","        // export local","        local.global.local = local;","    }());","","","","    // run shared js-env code - function","    (function () {","        return;","    }());","    switch (local.modeJs) {","","","","    // run browser js-env code - function","    case 'browser':","        break;","","","","    // run node js-env code - function","    case 'node':","        break;","    }","","","","    // run shared js-env code - post-init","    (function () {","        return;","    }());","    switch (local.modeJs) {","","","","    // run browser js-env code - post-init","    case 'browser':","        local.testCase_browser_nullCase = local.testCase_browser_nullCase || function (","            options,","            onError","        ) {","        /*","         * this function will test browsers's null-case handling-behavior-behavior","         */","            onError(null, options);","        };","","        // run tests","        local.nop(local.modeTest &&","            document.querySelector('#testRunButton1') &&","            document.querySelector('#testRunButton1').click());","        break;","","","","    // run node js-env code - post-init","    /* istanbul ignore next */","    case 'node':","        local.testCase_buildApidoc_default = local.testCase_buildApidoc_default || function (","            options,","            onError","        ) {","        /*","         * this function will test buildApidoc's default handling-behavior-behavior","         */","            options = { modulePathList: module.paths };","            local.buildApidoc(options, onError);","        };","","        local.testCase_buildApp_default = local.testCase_buildApp_default || function (","            options,","            onError","        ) {","        /*","         * this function will test buildApp's default handling-behavior-behavior","         */","            local.testCase_buildReadme_default(options, local.onErrorThrow);","            local.testCase_buildLib_default(options, local.onErrorThrow);","            local.testCase_buildTest_default(options, local.onErrorThrow);","            local.testCase_buildCustomOrg_default(options, local.onErrorThrow);","            options = [];","            local.buildApp(options, onError);","        };","","        local.testCase_buildCustomOrg_default = local.testCase_buildCustomOrg_default ||","            function (options, onError) {","            /*","             * this function will test buildCustomOrg's default handling-behavior","             */","                options = {};","                local.buildCustomOrg(options, onError);","            };","","        local.testCase_buildLib_default = local.testCase_buildLib_default || function (","            options,","            onError","        ) {","        /*","         * this function will test buildLib's default handling-behavior","         */","            options = {};","            local.buildLib(options, onError);","        };","","        local.testCase_buildReadme_default = local.testCase_buildReadme_default || function (","            options,","            onError","        ) {","        /*","         * this function will test buildReadme's default handling-behavior-behavior","         */","            options = {};","            local.buildReadme(options, onError);","        };","","        local.testCase_buildTest_default = local.testCase_buildTest_default || function (","            options,","            onError","        ) {","        /*","         * this function will test buildTest's default handling-behavior","         */","            options = {};","            local.buildTest(options, onError);","        };","","        local.testCase_webpage_default = local.testCase_webpage_default || function (","            options,","            onError","        ) {","        /*","         * this function will test webpage's default handling-behavior","         */","            options = { modeCoverageMerge: true, url: local.serverLocalHost + '?modeTest=1' };","            local.browserTest(options, onError);","        };","","        // run test-server","        local.testRunServer(local);","        break;","    }","}());",""],"l":{"12":2,"14":2,"19":2,"21":2,"23":2,"24":2,"25":2,"30":1,"37":2,"40":2,"43":1,"47":1,"50":1,"52":1,"55":2,"61":2,"62":2,"64":2,"70":1,"76":1,"82":2,"83":2,"85":2,"91":1,"98":1,"102":1,"105":1,"112":1,"119":1,"120":1,"123":1,"130":1,"131":1,"132":1,"133":1,"134":1,"135":1,"138":1,"143":2,"144":2,"147":1,"154":2,"155":2,"158":1,"165":2,"166":2,"169":1,"176":2,"177":2,"180":1,"187":1,"188":1,"192":1,"193":1}},"/home/travis/build/npmtest/node-npmtest-easy-table/lib.npmtest_easy_table.js":{"path":"/home/travis/build/npmtest/node-npmtest-easy-table/lib.npmtest_easy_table.js","s":{"1":2,"2":2,"3":2,"4":2,"5":2,"6":2,"7":2,"8":1,"9":2,"10":2,"11":2,"12":2,"13":1,"14":1,"15":1,"16":1},"b":{"1":[2,1,1,1],"2":[1,1,1,1],"3":[1,1],"4":[2,2],"5":[1,1]},"f":{"1":2,"2":2,"3":2},"fnMap":{"1":{"name":"(anonymous_1)","line":12,"loc":{"start":{"line":12,"column":1},"end":{"line":12,"column":13}}},"2":{"name":"(anonymous_2)","line":19,"loc":{"start":{"line":19,"column":5},"end":{"line":19,"column":17}}},"3":{"name":"(anonymous_3)","line":23,"loc":{"start":{"line":23,"column":24},"end":{"line":23,"column":36}}}},"statementMap":{"1":{"start":{"line":12,"column":0},"end":{"line":53,"column":5}},"2":{"start":{"line":14,"column":4},"end":{"line":14,"column":14}},"3":{"start":{"line":19,"column":4},"end":{"line":52,"column":9}},"4":{"start":{"line":21,"column":8},"end":{"line":21,"column":19}},"5":{"start":{"line":23,"column":8},"end":{"line":35,"column":13}},"6":{"start":{"line":24,"column":12},"end":{"line":34,"column":13}},"7":{"start":{"line":25,"column":16},"end":{"line":28,"column":30}},"8":{"start":{"line":30,"column":16},"end":{"line":33,"column":27}},"9":{"start":{"line":37,"column":8},"end":{"line":39,"column":21}},"10":{"start":{"line":41,"column":8},"end":{"line":41,"column":54}},"11":{"start":{"line":43,"column":8},"end":{"line":43,"column":55}},"12":{"start":{"line":45,"column":8},"end":{"line":51,"column":9}},"13":{"start":{"line":46,"column":12},"end":{"line":46,"column":61}},"14":{"start":{"line":48,"column":12},"end":{"line":48,"column":35}},"15":{"start":{"line":49,"column":12},"end":{"line":49,"column":49}},"16":{"start":{"line":50,"column":12},"end":{"line":50,"column":43}}},"branchMap":{"1":{"line":25,"type":"binary-expr","locations":[{"start":{"line":25,"column":23},"end":{"line":25,"column":62}},{"start":{"line":26,"column":20},"end":{"line":26,"column":70}},{"start":{"line":27,"column":20},"end":{"line":27,"column":71}},{"start":{"line":28,"column":20},"end":{"line":28,"column":29}}]},"2":{"line":30,"type":"binary-expr","locations":[{"start":{"line":30,"column":23},"end":{"line":30,"column":37}},{"start":{"line":31,"column":20},"end":{"line":31,"column":61}},{"start":{"line":32,"column":20},"end":{"line":32,"column":70}},{"start":{"line":33,"column":20},"end":{"line":33,"column":26}}]},"3":{"line":37,"type":"cond-expr","locations":[{"start":{"line":38,"column":14},"end":{"line":38,"column":20}},{"start":{"line":39,"column":14},"end":{"line":39,"column":20}}]},"4":{"line":41,"type":"binary-expr","locations":[{"start":{"line":41,"column":16},"end":{"line":41,"column":44}},{"start":{"line":41,"column":48},"end":{"line":41,"column":53}}]},"5":{"line":45,"type":"if","locations":[{"start":{"line":45,"column":8},"end":{"line":45,"column":8}},{"start":{"line":45,"column":8},"end":{"line":45,"column":8}}]}},"code":["/* istanbul instrument in package npmtest_easy_table */","/*jslint","    bitwise: true,","    browser: true,","    maxerr: 8,","    maxlen: 96,","    node: true,","    nomen: true,","    regexp: true,","    stupid: true","*/","(function () {","    'use strict';","    var local;","","","","    // run shared js-env code - pre-init","    (function () {","        // init local","        local = {};","        // init modeJs","        local.modeJs = (function () {","            try {","                return typeof navigator.userAgent === 'string' &&","                    typeof document.querySelector('body') === 'object' &&","                    typeof XMLHttpRequest.prototype.open === 'function' &&","                    'browser';","            } catch (errorCaughtBrowser) {","                return module.exports &&","                    typeof process.versions.node === 'string' &&","                    typeof require('http').createServer === 'function' &&","                    'node';","            }","        }());","        // init global","        local.global = local.modeJs === 'browser'","            ? window","            : global;","        // init utility2_rollup","        local = local.global.utility2_rollup || local;","        // init lib","        local.local = local.npmtest_easy_table = local;","        // init exports","        if (local.modeJs === 'browser') {","            local.global.utility2_npmtest_easy_table = local;","        } else {","            module.exports = local;","            module.exports.__dirname = __dirname;","            module.exports.module = module;","        }","    }());","}());",""],"l":{"12":2,"14":2,"19":2,"21":2,"23":2,"24":2,"25":2,"30":1,"37":2,"41":2,"43":2,"45":2,"46":1,"48":1,"49":1,"50":1}},"/home/travis/build/npmtest/node-npmtest-easy-table/example.js":{"path":"/home/travis/build/npmtest/node-npmtest-easy-table/example.js","s":{"1":2,"2":2,"3":2,"4":2,"5":2,"6":2,"7":2,"8":1,"9":2,"10":2,"11":2,"12":2,"13":1,"14":2,"15":2,"16":2,"17":2,"18":2,"19":0,"20":2,"21":1,"22":1,"23":1,"24":1,"25":1,"26":0,"27":0,"28":1,"29":1,"30":2,"31":0,"32":0,"33":0,"34":1,"35":2,"36":2,"37":3,"38":3,"39":3,"40":3,"41":0,"42":3,"43":3,"44":3,"45":1,"46":3,"47":1,"48":1,"49":1,"50":1,"51":1,"52":1,"53":1,"54":1,"55":1,"56":1,"57":0,"58":1,"59":6,"60":6,"61":1,"62":2,"63":0,"64":2,"65":1,"66":1,"67":0,"68":0,"69":0,"70":0,"71":0,"72":0,"73":0,"74":0,"75":0,"76":0,"77":0,"78":0,"79":0,"80":0,"81":0,"82":0,"83":0},"b":{"1":[2,1,1,1],"2":[1,1,1,1],"3":[1,1],"4":[2,2],"5":[1,1],"6":[1,1],"7":[2,0],"8":[2,1,1,1,1,1],"9":[0,2,0],"10":[1,1],"11":[2,1,1],"12":[1,0],"13":[0,2],"14":[2,0,0,0,0,0,0],"15":[0,3],"16":[3,0],"17":[1,1],"18":[0,1],"19":[1,2,0,2],"20":[1,0],"21":[1,1],"22":[0,0],"23":[0,0],"24":[0,0],"25":[0,0],"26":[0,0],"27":[0,0],"28":[0,0]},"f":{"1":2,"2":2,"3":2,"4":2,"5":2,"6":2,"7":3,"8":3,"9":3,"10":1,"11":6,"12":0},"fnMap":{"1":{"name":"(anonymous_1)","line":26,"loc":{"start":{"line":26,"column":1},"end":{"line":26,"column":13}}},"2":{"name":"(anonymous_2)","line":33,"loc":{"start":{"line":33,"column":5},"end":{"line":33,"column":17}}},"3":{"name":"(anonymous_3)","line":37,"loc":{"start":{"line":37,"column":24},"end":{"line":37,"column":36}}},"4":{"name":"(anonymous_4)","line":69,"loc":{"start":{"line":69,"column":31},"end":{"line":69,"column":48}},"skip":true},"5":{"name":"(anonymous_5)","line":78,"loc":{"start":{"line":78,"column":26},"end":{"line":78,"column":45}},"skip":true},"6":{"name":"(anonymous_6)","line":123,"loc":{"start":{"line":123,"column":33},"end":{"line":123,"column":48}},"skip":true},"7":{"name":"(anonymous_7)","line":125,"loc":{"start":{"line":125,"column":27},"end":{"line":125,"column":39}},"skip":true},"8":{"name":"(anonymous_8)","line":133,"loc":{"start":{"line":133,"column":59},"end":{"line":133,"column":74}},"skip":true},"9":{"name":"(anonymous_9)","line":143,"loc":{"start":{"line":143,"column":45},"end":{"line":143,"column":62}},"skip":true},"10":{"name":"(anonymous_10)","line":144,"loc":{"start":{"line":144,"column":73},"end":{"line":144,"column":92}},"skip":true},"11":{"name":"(anonymous_11)","line":272,"loc":{"start":{"line":272,"column":51},"end":{"line":272,"column":77}},"skip":true},"12":{"name":"(anonymous_12)","line":315,"loc":{"start":{"line":315,"column":32},"end":{"line":315,"column":61}},"skip":true}},"statementMap":{"1":{"start":{"line":26,"column":0},"end":{"line":326,"column":5}},"2":{"start":{"line":28,"column":4},"end":{"line":28,"column":14}},"3":{"start":{"line":33,"column":4},"end":{"line":60,"column":9}},"4":{"start":{"line":35,"column":8},"end":{"line":35,"column":19}},"5":{"start":{"line":37,"column":8},"end":{"line":49,"column":13}},"6":{"start":{"line":38,"column":12},"end":{"line":48,"column":13}},"7":{"start":{"line":39,"column":16},"end":{"line":42,"column":30}},"8":{"start":{"line":44,"column":16},"end":{"line":47,"column":27}},"9":{"start":{"line":51,"column":8},"end":{"line":53,"column":21}},"10":{"start":{"line":55,"column":8},"end":{"line":57,"column":45}},"11":{"start":{"line":59,"column":8},"end":{"line":59,"column":35}},"12":{"start":{"line":61,"column":4},"end":{"line":325,"column":5}},"13":{"start":{"line":69,"column":8},"end":{"line":121,"column":10},"skip":true},"14":{"start":{"line":70,"column":12},"end":{"line":88,"column":13},"skip":true},"15":{"start":{"line":76,"column":16},"end":{"line":87,"column":19},"skip":true},"16":{"start":{"line":79,"column":20},"end":{"line":86,"column":21},"skip":true},"17":{"start":{"line":82,"column":24},"end":{"line":82,"column":43},"skip":true},"18":{"start":{"line":83,"column":24},"end":{"line":83,"column":30},"skip":true},"19":{"start":{"line":85,"column":24},"end":{"line":85,"column":49},"skip":true},"20":{"start":{"line":89,"column":12},"end":{"line":107,"column":13},"skip":true},"21":{"start":{"line":92,"column":16},"end":{"line":102,"column":17},"skip":true},"22":{"start":{"line":93,"column":20},"end":{"line":93,"column":86},"skip":true},"23":{"start":{"line":94,"column":20},"end":{"line":95,"column":45},"skip":true},"24":{"start":{"line":96,"column":20},"end":{"line":96,"column":42},"skip":true},"25":{"start":{"line":97,"column":20},"end":{"line":97,"column":48},"skip":true},"26":{"start":{"line":100,"column":20},"end":{"line":100,"column":85},"skip":true},"27":{"start":{"line":101,"column":20},"end":{"line":101,"column":96},"skip":true},"28":{"start":{"line":103,"column":16},"end":{"line":103,"column":22},"skip":true},"29":{"start":{"line":106,"column":16},"end":{"line":106,"column":22},"skip":true},"30":{"start":{"line":108,"column":12},"end":{"line":120,"column":13},"skip":true},"31":{"start":{"line":114,"column":16},"end":{"line":119,"column":17},"skip":true},"32":{"start":{"line":116,"column":20},"end":{"line":116,"column":78},"skip":true},"33":{"start":{"line":118,"column":20},"end":{"line":118,"column":47},"skip":true},"34":{"start":{"line":123,"column":8},"end":{"line":141,"column":11},"skip":true},"35":{"start":{"line":124,"column":12},"end":{"line":124,"column":54},"skip":true},"36":{"start":{"line":125,"column":12},"end":{"line":140,"column":14},"skip":true},"37":{"start":{"line":126,"column":16},"end":{"line":126,"column":28},"skip":true},"38":{"start":{"line":127,"column":16},"end":{"line":127,"column":69},"skip":true},"39":{"start":{"line":128,"column":16},"end":{"line":128,"column":75},"skip":true},"40":{"start":{"line":129,"column":16},"end":{"line":131,"column":17},"skip":true},"41":{"start":{"line":130,"column":20},"end":{"line":130,"column":27},"skip":true},"42":{"start":{"line":133,"column":16},"end":{"line":137,"column":36},"skip":true},"43":{"start":{"line":134,"column":20},"end":{"line":136,"column":55},"skip":true},"44":{"start":{"line":139,"column":16},"end":{"line":139,"column":57},"skip":true},"45":{"start":{"line":143,"column":8},"end":{"line":147,"column":11},"skip":true},"46":{"start":{"line":144,"column":12},"end":{"line":146,"column":15},"skip":true},"47":{"start":{"line":145,"column":16},"end":{"line":145,"column":70},"skip":true},"48":{"start":{"line":149,"column":8},"end":{"line":149,"column":31},"skip":true},"49":{"start":{"line":150,"column":8},"end":{"line":150,"column":14},"skip":true},"50":{"start":{"line":158,"column":8},"end":{"line":158,"column":31},"skip":true},"51":{"start":{"line":160,"column":8},"end":{"line":160,"column":33},"skip":true},"52":{"start":{"line":161,"column":8},"end":{"line":161,"column":37},"skip":true},"53":{"start":{"line":162,"column":8},"end":{"line":162,"column":35},"skip":true},"54":{"start":{"line":164,"column":8},"end":{"line":164,"column":50},"skip":true},"55":{"start":{"line":166,"column":8},"end":{"line":256,"column":2},"skip":true},"56":{"start":{"line":258,"column":8},"end":{"line":286,"column":9},"skip":true},"57":{"start":{"line":259,"column":12},"end":{"line":269,"column":14},"skip":true},"58":{"start":{"line":271,"column":12},"end":{"line":285,"column":19},"skip":true},"59":{"start":{"line":274,"column":20},"end":{"line":274,"column":35},"skip":true},"60":{"start":{"line":275,"column":20},"end":{"line":284,"column":21},"skip":true},"61":{"start":{"line":277,"column":24},"end":{"line":277,"column":64},"skip":true},"62":{"start":{"line":279,"column":24},"end":{"line":279,"column":40},"skip":true},"63":{"start":{"line":281,"column":24},"end":{"line":281,"column":40},"skip":true},"64":{"start":{"line":283,"column":24},"end":{"line":283,"column":39},"skip":true},"65":{"start":{"line":288,"column":8},"end":{"line":290,"column":9},"skip":true},"66":{"start":{"line":289,"column":12},"end":{"line":289,"column":18},"skip":true},"67":{"start":{"line":291,"column":8},"end":{"line":293,"column":54},"skip":true},"68":{"start":{"line":296,"column":8},"end":{"line":301,"column":37},"skip":true},"69":{"start":{"line":303,"column":8},"end":{"line":303,"column":82},"skip":true},"70":{"start":{"line":306,"column":8},"end":{"line":308,"column":9},"skip":true},"71":{"start":{"line":307,"column":12},"end":{"line":307,"column":82},"skip":true},"72":{"start":{"line":310,"column":8},"end":{"line":312,"column":9},"skip":true},"73":{"start":{"line":311,"column":12},"end":{"line":311,"column":18},"skip":true},"74":{"start":{"line":313,"column":8},"end":{"line":313,"column":54},"skip":true},"75":{"start":{"line":314,"column":8},"end":{"line":314,"column":69},"skip":true},"76":{"start":{"line":315,"column":8},"end":{"line":323,"column":36},"skip":true},"77":{"start":{"line":316,"column":12},"end":{"line":316,"column":61},"skip":true},"78":{"start":{"line":317,"column":12},"end":{"line":320,"column":13},"skip":true},"79":{"start":{"line":318,"column":16},"end":{"line":318,"column":75},"skip":true},"80":{"start":{"line":319,"column":16},"end":{"line":319,"column":23},"skip":true},"81":{"start":{"line":321,"column":12},"end":{"line":321,"column":38},"skip":true},"82":{"start":{"line":322,"column":12},"end":{"line":322,"column":27},"skip":true},"83":{"start":{"line":324,"column":8},"end":{"line":324,"column":14},"skip":true}},"branchMap":{"1":{"line":39,"type":"binary-expr","locations":[{"start":{"line":39,"column":23},"end":{"line":39,"column":62}},{"start":{"line":40,"column":20},"end":{"line":40,"column":70}},{"start":{"line":41,"column":20},"end":{"line":41,"column":71}},{"start":{"line":42,"column":20},"end":{"line":42,"column":29}}]},"2":{"line":44,"type":"binary-expr","locations":[{"start":{"line":44,"column":23},"end":{"line":44,"column":37}},{"start":{"line":45,"column":20},"end":{"line":45,"column":61}},{"start":{"line":46,"column":20},"end":{"line":46,"column":70}},{"start":{"line":47,"column":20},"end":{"line":47,"column":26}}]},"3":{"line":51,"type":"cond-expr","locations":[{"start":{"line":52,"column":14},"end":{"line":52,"column":20}},{"start":{"line":53,"column":14},"end":{"line":53,"column":20}}]},"4":{"line":55,"type":"binary-expr","locations":[{"start":{"line":55,"column":16},"end":{"line":55,"column":44}},{"start":{"line":55,"column":49},"end":{"line":57,"column":43}}]},"5":{"line":55,"type":"cond-expr","locations":[{"start":{"line":56,"column":14},"end":{"line":56,"column":54}},{"start":{"line":57,"column":14},"end":{"line":57,"column":43}}]},"6":{"line":61,"type":"switch","locations":[{"start":{"line":68,"column":4},"end":{"line":150,"column":14},"skip":true},{"start":{"line":156,"column":4},"end":{"line":324,"column":14},"skip":true}]},"7":{"line":70,"type":"if","locations":[{"start":{"line":70,"column":12},"end":{"line":70,"column":12},"skip":true},{"start":{"line":70,"column":12},"end":{"line":70,"column":12},"skip":true}]},"8":{"line":70,"type":"binary-expr","locations":[{"start":{"line":70,"column":16},"end":{"line":70,"column":22},"skip":true},{"start":{"line":70,"column":27},"end":{"line":70,"column":32},"skip":true},{"start":{"line":71,"column":20},"end":{"line":71,"column":39},"skip":true},{"start":{"line":72,"column":20},"end":{"line":72,"column":49},"skip":true},{"start":{"line":73,"column":20},"end":{"line":73,"column":58},"skip":true},{"start":{"line":74,"column":20},"end":{"line":74,"column":69},"skip":true}]},"9":{"line":79,"type":"switch","locations":[{"start":{"line":80,"column":20},"end":{"line":80,"column":33},"skip":true},{"start":{"line":81,"column":20},"end":{"line":83,"column":30},"skip":true},{"start":{"line":84,"column":20},"end":{"line":85,"column":49},"skip":true}]},"10":{"line":89,"type":"switch","locations":[{"start":{"line":90,"column":12},"end":{"line":103,"column":22},"skip":true},{"start":{"line":105,"column":12},"end":{"line":106,"column":22},"skip":true}]},"11":{"line":89,"type":"binary-expr","locations":[{"start":{"line":89,"column":20},"end":{"line":89,"column":25},"skip":true},{"start":{"line":89,"column":29},"end":{"line":89,"column":48},"skip":true},{"start":{"line":89,"column":52},"end":{"line":89,"column":74},"skip":true}]},"12":{"line":92,"type":"if","locations":[{"start":{"line":92,"column":16},"end":{"line":92,"column":16},"skip":true},{"start":{"line":92,"column":16},"end":{"line":92,"column":16},"skip":true}]},"13":{"line":108,"type":"if","locations":[{"start":{"line":108,"column":12},"end":{"line":108,"column":12},"skip":true},{"start":{"line":108,"column":12},"end":{"line":108,"column":12},"skip":true}]},"14":{"line":108,"type":"binary-expr","locations":[{"start":{"line":108,"column":16},"end":{"line":108,"column":61},"skip":true},{"start":{"line":108,"column":66},"end":{"line":108,"column":72},"skip":true},{"start":{"line":108,"column":77},"end":{"line":108,"column":82},"skip":true},{"start":{"line":109,"column":20},"end":{"line":109,"column":39},"skip":true},{"start":{"line":110,"column":20},"end":{"line":110,"column":49},"skip":true},{"start":{"line":111,"column":20},"end":{"line":111,"column":58},"skip":true},{"start":{"line":112,"column":20},"end":{"line":112,"column":68},"skip":true}]},"15":{"line":129,"type":"if","locations":[{"start":{"line":129,"column":16},"end":{"line":129,"column":16},"skip":true},{"start":{"line":129,"column":16},"end":{"line":129,"column":16},"skip":true}]},"16":{"line":134,"type":"cond-expr","locations":[{"start":{"line":135,"column":26},"end":{"line":135,"column":29},"skip":true},{"start":{"line":136,"column":26},"end":{"line":136,"column":54},"skip":true}]},"17":{"line":164,"type":"binary-expr","locations":[{"start":{"line":164,"column":27},"end":{"line":164,"column":43},"skip":true},{"start":{"line":164,"column":47},"end":{"line":164,"column":49},"skip":true}]},"18":{"line":258,"type":"if","locations":[{"start":{"line":258,"column":8},"end":{"line":258,"column":8},"skip":true},{"start":{"line":258,"column":8},"end":{"line":258,"column":8},"skip":true}]},"19":{"line":275,"type":"switch","locations":[{"start":{"line":276,"column":20},"end":{"line":277,"column":64},"skip":true},{"start":{"line":278,"column":20},"end":{"line":279,"column":40},"skip":true},{"start":{"line":280,"column":20},"end":{"line":281,"column":40},"skip":true},{"start":{"line":282,"column":20},"end":{"line":283,"column":39},"skip":true}]},"20":{"line":288,"type":"if","locations":[{"start":{"line":288,"column":8},"end":{"line":288,"column":8},"skip":true},{"start":{"line":288,"column":8},"end":{"line":288,"column":8},"skip":true}]},"21":{"line":288,"type":"binary-expr","locations":[{"start":{"line":288,"column":12},"end":{"line":288,"column":40},"skip":true},{"start":{"line":288,"column":44},"end":{"line":288,"column":67},"skip":true}]},"22":{"line":292,"type":"binary-expr","locations":[{"start":{"line":292,"column":12},"end":{"line":292,"column":50},"skip":true},{"start":{"line":293,"column":12},"end":{"line":293,"column":53},"skip":true}]},"23":{"line":297,"type":"binary-expr","locations":[{"start":{"line":297,"column":12},"end":{"line":297,"column":68},"skip":true},{"start":{"line":298,"column":12},"end":{"line":301,"column":36},"skip":true}]},"24":{"line":303,"type":"binary-expr","locations":[{"start":{"line":303,"column":43},"end":{"line":303,"column":75},"skip":true},{"start":{"line":303,"column":79},"end":{"line":303,"column":81},"skip":true}]},"25":{"line":306,"type":"if","locations":[{"start":{"line":306,"column":8},"end":{"line":306,"column":8},"skip":true},{"start":{"line":306,"column":8},"end":{"line":306,"column":8},"skip":true}]},"26":{"line":310,"type":"if","locations":[{"start":{"line":310,"column":8},"end":{"line":310,"column":8},"skip":true},{"start":{"line":310,"column":8},"end":{"line":310,"column":8},"skip":true}]},"27":{"line":313,"type":"binary-expr","locations":[{"start":{"line":313,"column":27},"end":{"line":313,"column":43},"skip":true},{"start":{"line":313,"column":47},"end":{"line":313,"column":53},"skip":true}]},"28":{"line":317,"type":"if","locations":[{"start":{"line":317,"column":12},"end":{"line":317,"column":12},"skip":true},{"start":{"line":317,"column":12},"end":{"line":317,"column":12},"skip":true}]}},"code":["/*","example.js","","quickstart example","","instruction","    1. save this script as example.js","    2. run the shell command:","        $ npm install npmtest-easy-table && PORT=8081 node example.js","    3. play with the browser-demo on http://127.0.0.1:8081","*/","","","","/* istanbul instrument in package npmtest_easy_table */","/*jslint","    bitwise: true,","    browser: true,","    maxerr: 8,","    maxlen: 96,","    node: true,","    nomen: true,","    regexp: true,","    stupid: true","*/","(function () {","    'use strict';","    var local;","","","","    // run shared js-env code - pre-init","    (function () {","        // init local","        local = {};","        // init modeJs","        local.modeJs = (function () {","            try {","                return typeof navigator.userAgent === 'string' &&","                    typeof document.querySelector('body') === 'object' &&","                    typeof XMLHttpRequest.prototype.open === 'function' &&","                    'browser';","            } catch (errorCaughtBrowser) {","                return module.exports &&","                    typeof process.versions.node === 'string' &&","                    typeof require('http').createServer === 'function' &&","                    'node';","            }","        }());","        // init global","        local.global = local.modeJs === 'browser'","            ? window","            : global;","        // init utility2_rollup","        local = local.global.utility2_rollup || (local.modeJs === 'browser'","            ? local.global.utility2_npmtest_easy_table","            : global.utility2_moduleExports);","        // export local","        local.global.local = local;","    }());","    switch (local.modeJs) {","","","","    // post-init","    // run browser js-env code - post-init","    /* istanbul ignore next */","    case 'browser':","        local.testRunBrowser = function (event) {","            if (!event || (event &&","                    event.currentTarget &&","                    event.currentTarget.className &&","                    event.currentTarget.className.includes &&","                    event.currentTarget.className.includes('onreset'))) {","                // reset output","                Array.from(","                    document.querySelectorAll('body > .resettable')","                ).forEach(function (element) {","                    switch (element.tagName) {","                    case 'INPUT':","                    case 'TEXTAREA':","                        element.value = '';","                        break;","                    default:","                        element.textContent = '';","                    }","                });","            }","            switch (event && event.currentTarget && event.currentTarget.id) {","            case 'testRunButton1':","                // show tests","                if (document.querySelector('#testReportDiv1').style.display === 'none') {","                    document.querySelector('#testReportDiv1').style.display = 'block';","                    document.querySelector('#testRunButton1').textContent =","                        'hide internal test';","                    local.modeTest = true;","                    local.testRunDefault(local);","                // hide tests","                } else {","                    document.querySelector('#testReportDiv1').style.display = 'none';","                    document.querySelector('#testRunButton1').textContent = 'run internal test';","                }","                break;","            // custom-case","            default:","                break;","            }","            if (document.querySelector('#inputTextareaEval1') && (!event || (event &&","                    event.currentTarget &&","                    event.currentTarget.className &&","                    event.currentTarget.className.includes &&","                    event.currentTarget.className.includes('oneval')))) {","                // try to eval input-code","                try {","                    /*jslint evil: true*/","                    eval(document.querySelector('#inputTextareaEval1').value);","                } catch (errorCaught) {","                    console.error(errorCaught);","                }","            }","        };","        // log stderr and stdout to #outputTextareaStdout1","        ['error', 'log'].forEach(function (key) {","            console[key + '_original'] = console[key];","            console[key] = function () {","                var element;","                console[key + '_original'].apply(console, arguments);","                element = document.querySelector('#outputTextareaStdout1');","                if (!element) {","                    return;","                }","                // append text to #outputTextareaStdout1","                element.value += Array.from(arguments).map(function (arg) {","                    return typeof arg === 'string'","                        ? arg","                        : JSON.stringify(arg, null, 4);","                }).join(' ') + '\\n';","                // scroll textarea to bottom","                element.scrollTop = element.scrollHeight;","            };","        });","        // init event-handling","        ['change', 'click', 'keyup'].forEach(function (event) {","            Array.from(document.querySelectorAll('.on' + event)).forEach(function (element) {","                element.addEventListener(event, local.testRunBrowser);","            });","        });","        // run tests","        local.testRunBrowser();","        break;","","","","    // run node js-env code - post-init","    /* istanbul ignore next */","    case 'node':","        // export local","        module.exports = local;","        // require modules","        local.fs = require('fs');","        local.http = require('http');","        local.url = require('url');","        // init assets","        local.assetsDict = local.assetsDict || {};","        /* jslint-ignore-begin */","        local.assetsDict['/assets.index.template.html'] = '\\","<!doctype html>\\n\\","<html lang=\"en\">\\n\\","<head>\\n\\","<meta charset=\"UTF-8\">\\n\\","<meta name=\"viewport\" content=\"width=device-width, initial-scale=1\">\\n\\","<title>{{env.npm_package_name}} (v{{env.npm_package_version}})</title>\\n\\","<style>\\n\\","/*csslint\\n\\","    box-sizing: false,\\n\\","    universal-selector: false\\n\\","*/\\n\\","* {\\n\\","    box-sizing: border-box;\\n\\","}\\n\\","body {\\n\\","    background: #dde;\\n\\","    font-family: Arial, Helvetica, sans-serif;\\n\\","    margin: 2rem;\\n\\","}\\n\\","body > * {\\n\\","    margin-bottom: 1rem;\\n\\","}\\n\\",".utility2FooterDiv {\\n\\","    margin-top: 20px;\\n\\","    text-align: center;\\n\\","}\\n\\","</style>\\n\\","<style>\\n\\","/*csslint\\n\\","*/\\n\\","textarea {\\n\\","    font-family: monospace;\\n\\","    height: 10rem;\\n\\","    width: 100%;\\n\\","}\\n\\","textarea[readonly] {\\n\\","    background: #ddd;\\n\\","}\\n\\","</style>\\n\\","</head>\\n\\","<body>\\n\\","<!-- utility2-comment\\n\\","<div id=\"ajaxProgressDiv1\" style=\"background: #d00; height: 2px; left: 0; margin: 0; padding: 0; position: fixed; top: 0; transition: background 0.5s, width 1.5s; width: 25%;\"></div>\\n\\","utility2-comment -->\\n\\","<h1>\\n\\","<!-- utility2-comment\\n\\","    <a\\n\\","        {{#if env.npm_package_homepage}}\\n\\","        href=\"{{env.npm_package_homepage}}\"\\n\\","        {{/if env.npm_package_homepage}}\\n\\","        target=\"_blank\"\\n\\","    >\\n\\","utility2-comment -->\\n\\","        {{env.npm_package_name}} (v{{env.npm_package_version}})\\n\\","<!-- utility2-comment\\n\\","    </a>\\n\\","utility2-comment -->\\n\\","</h1>\\n\\","<h3>{{env.npm_package_description}}</h3>\\n\\","<!-- utility2-comment\\n\\","<h4><a download href=\"assets.app.js\">download standalone app</a></h4>\\n\\","<button class=\"onclick onreset\" id=\"testRunButton1\">run internal test</button><br>\\n\\","<div id=\"testReportDiv1\" style=\"display: none;\"></div>\\n\\","utility2-comment -->\\n\\","\\n\\","\\n\\","\\n\\","<label>stderr and stdout</label>\\n\\","<textarea class=\"resettable\" id=\"outputTextareaStdout1\" readonly></textarea>\\n\\","<!-- utility2-comment\\n\\","{{#if isRollup}}\\n\\","<script src=\"assets.app.js\"></script>\\n\\","{{#unless isRollup}}\\n\\","utility2-comment -->\\n\\","<script src=\"assets.utility2.rollup.js\"></script>\\n\\","<script src=\"jsonp.utility2._stateInit?callback=window.utility2._stateInit\"></script>\\n\\","<script src=\"assets.npmtest_easy_table.rollup.js\"></script>\\n\\","<script src=\"assets.example.js\"></script>\\n\\","<script src=\"assets.test.js\"></script>\\n\\","<!-- utility2-comment\\n\\","{{/if isRollup}}\\n\\","utility2-comment -->\\n\\","<div class=\"utility2FooterDiv\">\\n\\","    [ this app was created with\\n\\","    <a href=\"https://github.com/kaizhu256/node-utility2\" target=\"_blank\">utility2</a>\\n\\","    ]\\n\\","</div>\\n\\","</body>\\n\\","</html>\\n\\","';","        /* jslint-ignore-end */","        if (local.templateRender) {","            local.assetsDict['/'] = local.templateRender(","                local.assetsDict['/assets.index.template.html'],","                {","                    env: local.objectSetDefault(local.env, {","                        npm_package_description: 'the greatest app in the world!',","                        npm_package_name: 'my-app',","                        npm_package_nameAlias: 'my_app',","                        npm_package_version: '0.0.1'","                    })","                }","            );","        } else {","            local.assetsDict['/'] = local.assetsDict['/assets.index.template.html']","                .replace((/\\{\\{env\\.(\\w+?)\\}\\}/g), function (match0, match1) {","                    // jslint-hack","                    String(match0);","                    switch (match1) {","                    case 'npm_package_description':","                        return 'the greatest app in the world!';","                    case 'npm_package_name':","                        return 'my-app';","                    case 'npm_package_nameAlias':","                        return 'my_app';","                    case 'npm_package_version':","                        return '0.0.1';","                    }","                });","        }","        // run the cli","        if (local.global.utility2_rollup || module !== require.main) {","            break;","        }","        local.assetsDict['/assets.example.js'] =","            local.assetsDict['/assets.example.js'] ||","            local.fs.readFileSync(__filename, 'utf8');","        // bug-workaround - long $npm_package_buildCustomOrg","        /* jslint-ignore-begin */","        local.assetsDict['/assets.npmtest_easy_table.rollup.js'] =","            local.assetsDict['/assets.npmtest_easy_table.rollup.js'] ||","            local.fs.readFileSync(","                local.npmtest_easy_table.__dirname + '/lib.npmtest_easy_table.js',","                'utf8'","            ).replace((/^#!/), '//');","        /* jslint-ignore-end */","        local.assetsDict['/favicon.ico'] = local.assetsDict['/favicon.ico'] || '';","        // if $npm_config_timeout_exit exists,","        // then exit this process after $npm_config_timeout_exit ms","        if (Number(process.env.npm_config_timeout_exit)) {","            setTimeout(process.exit, Number(process.env.npm_config_timeout_exit));","        }","        // start server","        if (local.global.utility2_serverHttp1) {","            break;","        }","        process.env.PORT = process.env.PORT || '8081';","        console.error('server starting on port ' + process.env.PORT);","        local.http.createServer(function (request, response) {","            request.urlParsed = local.url.parse(request.url);","            if (local.assetsDict[request.urlParsed.pathname] !== undefined) {","                response.end(local.assetsDict[request.urlParsed.pathname]);","                return;","            }","            response.statusCode = 404;","            response.end();","        }).listen(process.env.PORT);","        break;","    }","}());",""],"l":{"26":2,"28":2,"33":2,"35":2,"37":2,"38":2,"39":2,"44":1,"51":2,"55":2,"59":2,"61":2,"69":1,"70":2,"76":2,"79":2,"82":2,"83":2,"85":1,"89":2,"92":1,"93":1,"94":1,"96":1,"97":1,"100":1,"101":1,"103":1,"106":1,"108":2,"114":1,"116":1,"118":1,"123":1,"124":2,"125":2,"126":3,"127":3,"128":3,"129":3,"130":1,"133":3,"134":3,"139":3,"143":1,"144":3,"145":1,"149":1,"150":1,"158":1,"160":1,"161":1,"162":1,"164":1,"166":1,"258":1,"259":1,"271":1,"274":6,"275":6,"277":1,"279":2,"281":1,"283":2,"288":1,"289":1,"291":1,"296":1,"303":1,"306":1,"307":1,"310":1,"311":1,"313":1,"314":1,"315":1,"316":1,"317":1,"318":1,"319":1,"321":1,"322":1,"324":1}},"/home/travis/build/npmtest/node-npmtest-easy-table/node_modules/easy-table/table.js":{"path":"/home/travis/build/npmtest/node-npmtest-easy-table/node_modules/easy-table/table.js","s":{"1":1,"2":1,"3":1,"4":1,"5":1,"6":0,"7":0,"8":1,"9":0,"10":0,"11":0,"12":1,"13":0,"14":0,"15":0,"16":1,"17":1,"18":0,"19":1,"20":0,"21":0,"22":1,"23":1,"24":1,"25":1,"26":0,"27":0,"28":0,"29":0,"30":1,"31":1,"32":1,"33":1,"34":0,"35":0,"36":0,"37":0,"38":1,"39":1,"40":0,"41":0,"42":0,"43":0,"44":0,"45":0,"46":0,"47":1,"48":0,"49":0,"50":0,"51":0,"52":1,"53":0,"54":0,"55":0,"56":0,"57":0,"58":0,"59":0,"60":0,"61":0,"62":0,"63":1,"64":0,"65":0,"66":0,"67":0,"68":0,"69":0,"70":0,"71":0,"72":0,"73":0,"74":0,"75":0,"76":0,"77":0,"78":0,"79":0,"80":0,"81":1,"82":0,"83":0,"84":0,"85":0,"86":0,"87":0,"88":0,"89":0,"90":0,"91":0,"92":0,"93":0,"94":0,"95":1,"96":0,"97":0,"98":0,"99":0,"100":1,"101":0,"102":0,"103":0,"104":0,"105":0,"106":0,"107":0,"108":1,"109":0,"110":0,"111":0,"112":0,"113":0,"114":0,"115":0,"116":0,"117":0,"118":1,"119":0,"120":0,"121":0,"122":0,"123":0,"124":0,"125":0,"126":0,"127":0,"128":0,"129":0,"130":0,"131":0,"132":0,"133":0,"134":0,"135":0,"136":0,"137":1,"138":0,"139":0,"140":0,"141":0,"142":0,"143":0,"144":0,"145":0,"146":0,"147":0,"148":0,"149":0,"150":0,"151":0,"152":0,"153":1,"154":0,"155":0,"156":0,"157":0,"158":1,"159":1,"160":0,"161":0,"162":0,"163":1,"164":0,"165":1,"166":0,"167":0,"168":1,"169":0,"170":0,"171":0,"172":0,"173":0,"174":0,"175":0,"176":0,"177":0,"178":0,"179":0,"180":0,"181":0,"182":0,"183":0,"184":0,"185":0,"186":0,"187":0,"188":0,"189":1,"190":0,"191":1,"192":0},"b":{"1":[0,0],"2":[0,0],"3":[0,0],"4":[0,0],"5":[0,0],"6":[0,0],"7":[0,0],"8":[0,0],"9":[0,0],"10":[0,0],"11":[0,0],"12":[0,0],"13":[0,0],"14":[0,0],"15":[0,0],"16":[0,0],"17":[0,0],"18":[0,0],"19":[0,0],"20":[0,0],"21":[0,0],"22":[0,0],"23":[0,0],"24":[0,0],"25":[0,0],"26":[0,0],"27":[0,0],"28":[0,0],"29":[0,0],"30":[0,0],"31":[0,0],"32":[0,0],"33":[0,0],"34":[0,0],"35":[0,0],"36":[0,0],"37":[0,0],"38":[0,0],"39":[0,0],"40":[0,0],"41":[0,0],"42":[0,0],"43":[0,0],"44":[0,0]},"f":{"1":0,"2":0,"3":0,"4":0,"5":0,"6":1,"7":0,"8":1,"9":0,"10":0,"11":0,"12":0,"13":0,"14":0,"15":0,"16":0,"17":0,"18":0,"19":0,"20":0,"21":0,"22":0,"23":0,"24":0,"25":0,"26":0,"27":0,"28":0,"29":0,"30":0,"31":0,"32":0,"33":0,"34":0,"35":0,"36":0,"37":0,"38":0,"39":0,"40":0,"41":0,"42":0,"43":0,"44":0,"45":0,"46":0,"47":0},"fnMap":{"1":{"name":"Table","line":9,"loc":{"start":{"line":9,"column":0},"end":{"line":9,"column":17}}},"2":{"name":"(anonymous_2)","line":20,"loc":{"start":{"line":20,"column":25},"end":{"line":20,"column":36}}},"3":{"name":"(anonymous_3)","line":35,"loc":{"start":{"line":35,"column":23},"end":{"line":35,"column":51}}},"4":{"name":"string","line":47,"loc":{"start":{"line":47,"column":0},"end":{"line":47,"column":21}}},"5":{"name":"length","line":51,"loc":{"start":{"line":51,"column":0},"end":{"line":51,"column":21}}},"6":{"name":"leftPadder","line":71,"loc":{"start":{"line":71,"column":0},"end":{"line":71,"column":24}}},"7":{"name":"(anonymous_7)","line":72,"loc":{"start":{"line":72,"column":9},"end":{"line":72,"column":30}}},"8":{"name":"rightPadder","line":95,"loc":{"start":{"line":95,"column":0},"end":{"line":95,"column":25}}},"9":{"name":"padRight","line":96,"loc":{"start":{"line":96,"column":9},"end":{"line":96,"column":39}}},"10":{"name":"(anonymous_10)","line":115,"loc":{"start":{"line":115,"column":15},"end":{"line":115,"column":32}}},"11":{"name":"(anonymous_11)","line":116,"loc":{"start":{"line":116,"column":9},"end":{"line":116,"column":30}}},"12":{"name":"each","line":125,"loc":{"start":{"line":125,"column":0},"end":{"line":125,"column":23}}},"13":{"name":"(anonymous_13)","line":138,"loc":{"start":{"line":138,"column":26},"end":{"line":138,"column":37}}},"14":{"name":"(anonymous_14)","line":141,"loc":{"start":{"line":141,"column":22},"end":{"line":141,"column":36}}},"15":{"name":"(anonymous_15)","line":143,"loc":{"start":{"line":143,"column":16},"end":{"line":143,"column":30}}},"16":{"name":"(anonymous_16)","line":150,"loc":{"start":{"line":150,"column":32},"end":{"line":150,"column":47}}},"17":{"name":"(anonymous_17)","line":161,"loc":{"start":{"line":161,"column":24},"end":{"line":161,"column":35}}},"18":{"name":"(anonymous_18)","line":168,"loc":{"start":{"line":168,"column":20},"end":{"line":168,"column":34}}},"19":{"name":"(anonymous_19)","line":169,"loc":{"start":{"line":169,"column":14},"end":{"line":169,"column":33}}},"20":{"name":"(anonymous_20)","line":176,"loc":{"start":{"line":176,"column":20},"end":{"line":176,"column":34}}},"21":{"name":"(anonymous_21)","line":178,"loc":{"start":{"line":178,"column":17},"end":{"line":178,"column":31}}},"22":{"name":"(anonymous_22)","line":198,"loc":{"start":{"line":198,"column":27},"end":{"line":198,"column":38}}},"23":{"name":"(anonymous_23)","line":206,"loc":{"start":{"line":206,"column":15},"end":{"line":206,"column":29}}},"24":{"name":"(anonymous_24)","line":232,"loc":{"start":{"line":232,"column":32},"end":{"line":232,"column":47}}},"25":{"name":"(anonymous_25)","line":234,"loc":{"start":{"line":234,"column":15},"end":{"line":234,"column":29}}},"26":{"name":"(anonymous_26)","line":246,"loc":{"start":{"line":246,"column":31},"end":{"line":246,"column":44}}},"27":{"name":"(anonymous_27)","line":251,"loc":{"start":{"line":251,"column":22},"end":{"line":251,"column":41}}},"28":{"name":"(anonymous_28)","line":267,"loc":{"start":{"line":267,"column":34},"end":{"line":267,"column":49}}},"29":{"name":"(anonymous_29)","line":271,"loc":{"start":{"line":271,"column":25},"end":{"line":271,"column":39}}},"30":{"name":"(anonymous_30)","line":273,"loc":{"start":{"line":273,"column":22},"end":{"line":273,"column":41}}},"31":{"name":"(anonymous_31)","line":288,"loc":{"start":{"line":288,"column":23},"end":{"line":288,"column":37}}},"32":{"name":"(anonymous_32)","line":296,"loc":{"start":{"line":296,"column":29},"end":{"line":296,"column":43}}},"33":{"name":"(anonymous_33)","line":303,"loc":{"start":{"line":303,"column":11},"end":{"line":303,"column":27}}},"34":{"name":"(anonymous_34)","line":310,"loc":{"start":{"line":310,"column":19},"end":{"line":310,"column":34}}},"35":{"name":"compare","line":319,"loc":{"start":{"line":319,"column":0},"end":{"line":319,"column":23}}},"36":{"name":"(anonymous_36)","line":341,"loc":{"start":{"line":341,"column":24},"end":{"line":341,"column":44}}},"37":{"name":"(anonymous_37)","line":367,"loc":{"start":{"line":367,"column":21},"end":{"line":367,"column":47}}},"38":{"name":"(anonymous_38)","line":369,"loc":{"start":{"line":369,"column":9},"end":{"line":369,"column":30}}},"39":{"name":"(anonymous_39)","line":378,"loc":{"start":{"line":378,"column":17},"end":{"line":378,"column":36}}},"40":{"name":"(anonymous_40)","line":386,"loc":{"start":{"line":386,"column":17},"end":{"line":386,"column":46}}},"41":{"name":"(anonymous_41)","line":400,"loc":{"start":{"line":400,"column":14},"end":{"line":400,"column":40}}},"42":{"name":"(anonymous_42)","line":405,"loc":{"start":{"line":405,"column":6},"end":{"line":405,"column":26}}},"43":{"name":"(anonymous_43)","line":417,"loc":{"start":{"line":417,"column":15},"end":{"line":417,"column":27}}},"44":{"name":"(anonymous_44)","line":418,"loc":{"start":{"line":418,"column":16},"end":{"line":418,"column":31}}},"45":{"name":"(anonymous_45)","line":423,"loc":{"start":{"line":423,"column":15},"end":{"line":423,"column":27}}},"46":{"name":"(anonymous_46)","line":435,"loc":{"start":{"line":435,"column":12},"end":{"line":435,"column":38}}},"47":{"name":"(anonymous_47)","line":443,"loc":{"start":{"line":443,"column":22},"end":{"line":443,"column":33}}}},"statementMap":{"1":{"start":{"line":1,"column":0},"end":{"line":1,"column":11}},"2":{"start":{"line":3,"column":0},"end":{"line":5,"column":13}},"3":{"start":{"line":4,"column":2},"end":{"line":4,"column":30}},"4":{"start":{"line":7,"column":0},"end":{"line":7,"column":22}},"5":{"start":{"line":9,"column":0},"end":{"line":12,"column":1}},"6":{"start":{"line":10,"column":2},"end":{"line":10,"column":16}},"7":{"start":{"line":11,"column":2},"end":{"line":11,"column":30}},"8":{"start":{"line":20,"column":0},"end":{"line":24,"column":1}},"9":{"start":{"line":21,"column":2},"end":{"line":21,"column":26}},"10":{"start":{"line":22,"column":2},"end":{"line":22,"column":30}},"11":{"start":{"line":23,"column":2},"end":{"line":23,"column":13}},"12":{"start":{"line":35,"column":0},"end":{"line":39,"column":1}},"13":{"start":{"line":36,"column":2},"end":{"line":36,"column":21}},"14":{"start":{"line":37,"column":2},"end":{"line":37,"column":46}},"15":{"start":{"line":38,"column":2},"end":{"line":38,"column":13}},"16":{"start":{"line":45,"column":0},"end":{"line":45,"column":32}},"17":{"start":{"line":47,"column":0},"end":{"line":49,"column":1}},"18":{"start":{"line":48,"column":2},"end":{"line":48,"column":40}},"19":{"start":{"line":51,"column":0},"end":{"line":54,"column":1}},"20":{"start":{"line":52,"column":2},"end":{"line":52,"column":42}},"21":{"start":{"line":53,"column":2},"end":{"line":53,"column":48}},"22":{"start":{"line":60,"column":0},"end":{"line":60,"column":21}},"23":{"start":{"line":69,"column":0},"end":{"line":69,"column":29}},"24":{"start":{"line":71,"column":0},"end":{"line":78,"column":1}},"25":{"start":{"line":72,"column":2},"end":{"line":77,"column":3}},"26":{"start":{"line":73,"column":4},"end":{"line":73,"column":25}},"27":{"start":{"line":74,"column":4},"end":{"line":74,"column":25}},"28":{"start":{"line":75,"column":4},"end":{"line":75,"column":64}},"29":{"start":{"line":76,"column":4},"end":{"line":76,"column":20}},"30":{"start":{"line":84,"column":0},"end":{"line":84,"column":45}},"31":{"start":{"line":93,"column":0},"end":{"line":93,"column":31}},"32":{"start":{"line":95,"column":0},"end":{"line":102,"column":1}},"33":{"start":{"line":96,"column":2},"end":{"line":101,"column":3}},"34":{"start":{"line":97,"column":4},"end":{"line":97,"column":25}},"35":{"start":{"line":98,"column":4},"end":{"line":98,"column":25}},"36":{"start":{"line":99,"column":4},"end":{"line":99,"column":64}},"37":{"start":{"line":100,"column":4},"end":{"line":100,"column":20}},"38":{"start":{"line":104,"column":0},"end":{"line":104,"column":31}},"39":{"start":{"line":115,"column":0},"end":{"line":123,"column":1}},"40":{"start":{"line":116,"column":2},"end":{"line":122,"column":3}},"41":{"start":{"line":117,"column":4},"end":{"line":117,"column":30}},"42":{"start":{"line":117,"column":21},"end":{"line":117,"column":30}},"43":{"start":{"line":118,"column":4},"end":{"line":119,"column":50}},"44":{"start":{"line":119,"column":6},"end":{"line":119,"column":50}},"45":{"start":{"line":120,"column":4},"end":{"line":120,"column":59}},"46":{"start":{"line":121,"column":4},"end":{"line":121,"column":30}},"47":{"start":{"line":125,"column":0},"end":{"line":130,"column":1}},"48":{"start":{"line":126,"column":2},"end":{"line":129,"column":3}},"49":{"start":{"line":127,"column":4},"end":{"line":127,"column":37}},"50":{"start":{"line":127,"column":29},"end":{"line":127,"column":37}},"51":{"start":{"line":128,"column":4},"end":{"line":128,"column":21}},"52":{"start":{"line":138,"column":0},"end":{"line":153,"column":1}},"53":{"start":{"line":139,"column":2},"end":{"line":139,"column":15}},"54":{"start":{"line":140,"column":2},"end":{"line":149,"column":3}},"55":{"start":{"line":141,"column":4},"end":{"line":148,"column":6}},"56":{"start":{"line":142,"column":6},"end":{"line":142,"column":17}},"57":{"start":{"line":143,"column":6},"end":{"line":147,"column":8}},"58":{"start":{"line":144,"column":8},"end":{"line":144,"column":43}},"59":{"start":{"line":145,"column":8},"end":{"line":145,"column":23}},"60":{"start":{"line":146,"column":8},"end":{"line":146,"column":13}},"61":{"start":{"line":150,"column":2},"end":{"line":152,"column":4}},"62":{"start":{"line":151,"column":4},"end":{"line":151,"column":28}},"63":{"start":{"line":161,"column":0},"end":{"line":190,"column":1}},"64":{"start":{"line":162,"column":2},"end":{"line":162,"column":27}},"65":{"start":{"line":163,"column":2},"end":{"line":163,"column":32}},"66":{"start":{"line":164,"column":2},"end":{"line":164,"column":17}},"67":{"start":{"line":165,"column":2},"end":{"line":165,"column":14}},"68":{"start":{"line":168,"column":2},"end":{"line":173,"column":4}},"69":{"start":{"line":169,"column":4},"end":{"line":172,"column":6}},"70":{"start":{"line":170,"column":6},"end":{"line":170,"column":50}},"71":{"start":{"line":171,"column":6},"end":{"line":171,"column":59}},"72":{"start":{"line":176,"column":2},"end":{"line":187,"column":4}},"73":{"start":{"line":177,"column":4},"end":{"line":177,"column":17}},"74":{"start":{"line":178,"column":4},"end":{"line":184,"column":6}},"75":{"start":{"line":179,"column":6},"end":{"line":179,"column":29}},"76":{"start":{"line":180,"column":6},"end":{"line":182,"column":12}},"77":{"start":{"line":183,"column":6},"end":{"line":183,"column":46}},"78":{"start":{"line":185,"column":4},"end":{"line":185,"column":43}},"79":{"start":{"line":186,"column":4},"end":{"line":186,"column":22}},"80":{"start":{"line":189,"column":2},"end":{"line":189,"column":12}},"81":{"start":{"line":198,"column":0},"end":{"line":223,"column":1}},"82":{"start":{"line":199,"column":2},"end":{"line":199,"column":27}},"83":{"start":{"line":200,"column":2},"end":{"line":200,"column":23}},"84":{"start":{"line":203,"column":2},"end":{"line":203,"column":32}},"85":{"start":{"line":206,"column":2},"end":{"line":208,"column":4}},"86":{"start":{"line":207,"column":4},"end":{"line":207,"column":22}},"87":{"start":{"line":209,"column":2},"end":{"line":209,"column":14}},"88":{"start":{"line":210,"column":2},"end":{"line":210,"column":25}},"89":{"start":{"line":213,"column":2},"end":{"line":213,"column":39}},"90":{"start":{"line":216,"column":2},"end":{"line":220,"column":3}},"91":{"start":{"line":217,"column":4},"end":{"line":217,"column":27}},"92":{"start":{"line":218,"column":4},"end":{"line":218,"column":41}},"93":{"start":{"line":219,"column":4},"end":{"line":219,"column":16}},"94":{"start":{"line":222,"column":2},"end":{"line":222,"column":20}},"95":{"start":{"line":232,"column":0},"end":{"line":238,"column":1}},"96":{"start":{"line":233,"column":2},"end":{"line":233,"column":31}},"97":{"start":{"line":234,"column":2},"end":{"line":236,"column":10}},"98":{"start":{"line":235,"column":4},"end":{"line":235,"column":46}},"99":{"start":{"line":237,"column":2},"end":{"line":237,"column":22}},"100":{"start":{"line":246,"column":0},"end":{"line":256,"column":1}},"101":{"start":{"line":247,"column":2},"end":{"line":255,"column":3}},"102":{"start":{"line":248,"column":4},"end":{"line":248,"column":31}},"103":{"start":{"line":249,"column":4},"end":{"line":249,"column":23}},"104":{"start":{"line":250,"column":4},"end":{"line":250,"column":30}},"105":{"start":{"line":251,"column":4},"end":{"line":253,"column":6}},"106":{"start":{"line":252,"column":6},"end":{"line":252,"column":58}},"107":{"start":{"line":254,"column":4},"end":{"line":254,"column":30}},"108":{"start":{"line":267,"column":0},"end":{"line":279,"column":1}},"109":{"start":{"line":268,"column":2},"end":{"line":268,"column":19}},"110":{"start":{"line":269,"column":2},"end":{"line":269,"column":21}},"111":{"start":{"line":270,"column":2},"end":{"line":270,"column":50}},"112":{"start":{"line":271,"column":2},"end":{"line":277,"column":10}},"113":{"start":{"line":272,"column":4},"end":{"line":272,"column":38}},"114":{"start":{"line":273,"column":4},"end":{"line":275,"column":6}},"115":{"start":{"line":274,"column":6},"end":{"line":274,"column":52}},"116":{"start":{"line":276,"column":4},"end":{"line":276,"column":16}},"117":{"start":{"line":278,"column":2},"end":{"line":278,"column":20}},"118":{"start":{"line":288,"column":0},"end":{"line":317,"column":1}},"119":{"start":{"line":289,"column":2},"end":{"line":292,"column":3}},"120":{"start":{"line":290,"column":4},"end":{"line":290,"column":23}},"121":{"start":{"line":291,"column":4},"end":{"line":291,"column":15}},"122":{"start":{"line":294,"column":2},"end":{"line":294,"column":54}},"123":{"start":{"line":296,"column":2},"end":{"line":308,"column":4}},"124":{"start":{"line":297,"column":4},"end":{"line":297,"column":21}},"125":{"start":{"line":298,"column":4},"end":{"line":298,"column":46}},"126":{"start":{"line":299,"column":4},"end":{"line":302,"column":5}},"127":{"start":{"line":300,"column":6},"end":{"line":300,"column":16}},"128":{"start":{"line":301,"column":6},"end":{"line":301,"column":18}},"129":{"start":{"line":303,"column":4},"end":{"line":307,"column":5}},"130":{"start":{"line":304,"column":6},"end":{"line":306,"column":33}},"131":{"start":{"line":310,"column":2},"end":{"line":316,"column":4}},"132":{"start":{"line":311,"column":4},"end":{"line":314,"column":5}},"133":{"start":{"line":312,"column":6},"end":{"line":312,"column":38}},"134":{"start":{"line":313,"column":6},"end":{"line":313,"column":34}},"135":{"start":{"line":313,"column":22},"end":{"line":313,"column":34}},"136":{"start":{"line":315,"column":4},"end":{"line":315,"column":12}},"137":{"start":{"line":319,"column":0},"end":{"line":328,"column":1}},"138":{"start":{"line":320,"column":2},"end":{"line":320,"column":23}},"139":{"start":{"line":320,"column":15},"end":{"line":320,"column":23}},"140":{"start":{"line":321,"column":2},"end":{"line":321,"column":31}},"141":{"start":{"line":321,"column":23},"end":{"line":321,"column":31}},"142":{"start":{"line":322,"column":2},"end":{"line":322,"column":32}},"143":{"start":{"line":322,"column":23},"end":{"line":322,"column":32}},"144":{"start":{"line":323,"column":2},"end":{"line":323,"column":26}},"145":{"start":{"line":323,"column":18},"end":{"line":323,"column":26}},"146":{"start":{"line":324,"column":2},"end":{"line":324,"column":27}},"147":{"start":{"line":324,"column":18},"end":{"line":324,"column":27}},"148":{"start":{"line":325,"column":2},"end":{"line":325,"column":21}},"149":{"start":{"line":325,"column":13},"end":{"line":325,"column":21}},"150":{"start":{"line":326,"column":2},"end":{"line":326,"column":22}},"151":{"start":{"line":326,"column":13},"end":{"line":326,"column":22}},"152":{"start":{"line":327,"column":2},"end":{"line":327,"column":38}},"153":{"start":{"line":341,"column":0},"end":{"line":350,"column":1}},"154":{"start":{"line":342,"column":2},"end":{"line":342,"column":19}},"155":{"start":{"line":343,"column":2},"end":{"line":343,"column":33}},"156":{"start":{"line":344,"column":2},"end":{"line":348,"column":3}},"157":{"start":{"line":349,"column":2},"end":{"line":349,"column":13}},"158":{"start":{"line":356,"column":0},"end":{"line":356,"column":15}},"159":{"start":{"line":367,"column":0},"end":{"line":372,"column":1}},"160":{"start":{"line":368,"column":2},"end":{"line":368,"column":29}},"161":{"start":{"line":369,"column":2},"end":{"line":371,"column":3}},"162":{"start":{"line":370,"column":4},"end":{"line":370,"column":48}},"163":{"start":{"line":378,"column":0},"end":{"line":380,"column":1}},"164":{"start":{"line":379,"column":2},"end":{"line":379,"column":18}},"165":{"start":{"line":386,"column":0},"end":{"line":389,"column":1}},"166":{"start":{"line":387,"column":2},"end":{"line":387,"column":17}},"167":{"start":{"line":388,"column":2},"end":{"line":388,"column":39}},"168":{"start":{"line":400,"column":0},"end":{"line":429,"column":1}},"169":{"start":{"line":401,"column":2},"end":{"line":401,"column":25}},"170":{"start":{"line":403,"column":2},"end":{"line":411,"column":5}},"171":{"start":{"line":406,"column":6},"end":{"line":410,"column":7}},"172":{"start":{"line":407,"column":8},"end":{"line":407,"column":46}},"173":{"start":{"line":407,"column":38},"end":{"line":407,"column":46}},"174":{"start":{"line":408,"column":8},"end":{"line":408,"column":36}},"175":{"start":{"line":409,"column":8},"end":{"line":409,"column":58}},"176":{"start":{"line":413,"column":2},"end":{"line":413,"column":19}},"177":{"start":{"line":414,"column":2},"end":{"line":414,"column":27}},"178":{"start":{"line":416,"column":2},"end":{"line":426,"column":3}},"179":{"start":{"line":417,"column":4},"end":{"line":417,"column":50}},"180":{"start":{"line":417,"column":29},"end":{"line":417,"column":49}},"181":{"start":{"line":418,"column":4},"end":{"line":421,"column":6}},"182":{"start":{"line":419,"column":6},"end":{"line":419,"column":24}},"183":{"start":{"line":420,"column":6},"end":{"line":420,"column":16}},"184":{"start":{"line":423,"column":4},"end":{"line":423,"column":75}},"185":{"start":{"line":423,"column":29},"end":{"line":423,"column":74}},"186":{"start":{"line":424,"column":4},"end":{"line":424,"column":21}},"187":{"start":{"line":425,"column":4},"end":{"line":425,"column":14}},"188":{"start":{"line":428,"column":2},"end":{"line":428,"column":14}},"189":{"start":{"line":435,"column":0},"end":{"line":437,"column":1}},"190":{"start":{"line":436,"column":2},"end":{"line":436,"column":43}},"191":{"start":{"line":443,"column":0},"end":{"line":445,"column":1}},"192":{"start":{"line":444,"column":2},"end":{"line":444,"column":30}}},"branchMap":{"1":{"line":37,"type":"binary-expr","locations":[{"start":{"line":37,"column":29},"end":{"line":37,"column":36}},{"start":{"line":37,"column":40},"end":{"line":37,"column":46}}]},"2":{"line":48,"type":"cond-expr","locations":[{"start":{"line":48,"column":29},"end":{"line":48,"column":31}},{"start":{"line":48,"column":34},"end":{"line":48,"column":40}}]},"3":{"line":53,"type":"cond-expr","locations":[{"start":{"line":53,"column":27},"end":{"line":53,"column":35}},{"start":{"line":53,"column":38},"end":{"line":53,"column":48}}]},"4":{"line":75,"type":"cond-expr","locations":[{"start":{"line":75,"column":28},"end":{"line":75,"column":59}},{"start":{"line":75,"column":62},"end":{"line":75,"column":64}}]},"5":{"line":99,"type":"cond-expr","locations":[{"start":{"line":99,"column":28},"end":{"line":99,"column":59}},{"start":{"line":99,"column":62},"end":{"line":99,"column":64}}]},"6":{"line":117,"type":"if","locations":[{"start":{"line":117,"column":4},"end":{"line":117,"column":4}},{"start":{"line":117,"column":4},"end":{"line":117,"column":4}}]},"7":{"line":118,"type":"if","locations":[{"start":{"line":118,"column":4},"end":{"line":118,"column":4}},{"start":{"line":118,"column":4},"end":{"line":118,"column":4}}]},"8":{"line":120,"type":"cond-expr","locations":[{"start":{"line":120,"column":31},"end":{"line":120,"column":37}},{"start":{"line":120,"column":40},"end":{"line":120,"column":59}}]},"9":{"line":127,"type":"if","locations":[{"start":{"line":127,"column":4},"end":{"line":127,"column":4}},{"start":{"line":127,"column":4},"end":{"line":127,"column":4}}]},"10":{"line":144,"type":"binary-expr","locations":[{"start":{"line":144,"column":28},"end":{"line":144,"column":37}},{"start":{"line":144,"column":41},"end":{"line":144,"column":42}}]},"11":{"line":171,"type":"binary-expr","locations":[{"start":{"line":171,"column":42},"end":{"line":171,"column":53}},{"start":{"line":171,"column":57},"end":{"line":171,"column":58}}]},"12":{"line":180,"type":"cond-expr","locations":[{"start":{"line":181,"column":10},"end":{"line":181,"column":59}},{"start":{"line":182,"column":10},"end":{"line":182,"column":12}}]},"13":{"line":216,"type":"if","locations":[{"start":{"line":216,"column":2},"end":{"line":216,"column":2}},{"start":{"line":216,"column":2},"end":{"line":216,"column":2}}]},"14":{"line":216,"type":"binary-expr","locations":[{"start":{"line":216,"column":6},"end":{"line":216,"column":17}},{"start":{"line":216,"column":21},"end":{"line":216,"column":37}}]},"15":{"line":233,"type":"binary-expr","locations":[{"start":{"line":233,"column":9},"end":{"line":233,"column":13}},{"start":{"line":233,"column":17},"end":{"line":233,"column":31}}]},"16":{"line":268,"type":"binary-expr","locations":[{"start":{"line":268,"column":9},"end":{"line":268,"column":13}},{"start":{"line":268,"column":17},"end":{"line":268,"column":19}}]},"17":{"line":270,"type":"binary-expr","locations":[{"start":{"line":270,"column":18},"end":{"line":270,"column":32}},{"start":{"line":270,"column":36},"end":{"line":270,"column":50}}]},"18":{"line":289,"type":"if","locations":[{"start":{"line":289,"column":2},"end":{"line":289,"column":2}},{"start":{"line":289,"column":2},"end":{"line":289,"column":2}}]},"19":{"line":294,"type":"cond-expr","locations":[{"start":{"line":294,"column":34},"end":{"line":294,"column":37}},{"start":{"line":294,"column":40},"end":{"line":294,"column":54}}]},"20":{"line":299,"type":"if","locations":[{"start":{"line":299,"column":4},"end":{"line":299,"column":4}},{"start":{"line":299,"column":4},"end":{"line":299,"column":4}}]},"21":{"line":304,"type":"cond-expr","locations":[{"start":{"line":305,"column":10},"end":{"line":305,"column":33}},{"start":{"line":306,"column":10},"end":{"line":306,"column":33}}]},"22":{"line":313,"type":"if","locations":[{"start":{"line":313,"column":6},"end":{"line":313,"column":6}},{"start":{"line":313,"column":6},"end":{"line":313,"column":6}}]},"23":{"line":320,"type":"if","locations":[{"start":{"line":320,"column":2},"end":{"line":320,"column":2}},{"start":{"line":320,"column":2},"end":{"line":320,"column":2}}]},"24":{"line":321,"type":"if","locations":[{"start":{"line":321,"column":2},"end":{"line":321,"column":2}},{"start":{"line":321,"column":2},"end":{"line":321,"column":2}}]},"25":{"line":322,"type":"if","locations":[{"start":{"line":322,"column":2},"end":{"line":322,"column":2}},{"start":{"line":322,"column":2},"end":{"line":322,"column":2}}]},"26":{"line":323,"type":"if","locations":[{"start":{"line":323,"column":2},"end":{"line":323,"column":2}},{"start":{"line":323,"column":2},"end":{"line":323,"column":2}}]},"27":{"line":324,"type":"if","locations":[{"start":{"line":324,"column":2},"end":{"line":324,"column":2}},{"start":{"line":324,"column":2},"end":{"line":324,"column":2}}]},"28":{"line":325,"type":"if","locations":[{"start":{"line":325,"column":2},"end":{"line":325,"column":2}},{"start":{"line":325,"column":2},"end":{"line":325,"column":2}}]},"29":{"line":326,"type":"if","locations":[{"start":{"line":326,"column":2},"end":{"line":326,"column":2}},{"start":{"line":326,"column":2},"end":{"line":326,"column":2}}]},"30":{"line":342,"type":"binary-expr","locations":[{"start":{"line":342,"column":9},"end":{"line":342,"column":13}},{"start":{"line":342,"column":17},"end":{"line":342,"column":19}}]},"31":{"line":343,"type":"binary-expr","locations":[{"start":{"line":343,"column":16},"end":{"line":343,"column":27}},{"start":{"line":343,"column":31},"end":{"line":343,"column":33}}]},"32":{"line":345,"type":"binary-expr","locations":[{"start":{"line":345,"column":12},"end":{"line":345,"column":23}},{"start":{"line":345,"column":27},"end":{"line":345,"column":41}}]},"33":{"line":346,"type":"binary-expr","locations":[{"start":{"line":346,"column":13},"end":{"line":346,"column":25}},{"start":{"line":346,"column":29},"end":{"line":346,"column":36}}]},"34":{"line":347,"type":"cond-expr","locations":[{"start":{"line":347,"column":30},"end":{"line":347,"column":31}},{"start":{"line":347,"column":34},"end":{"line":347,"column":43}}]},"35":{"line":368,"type":"binary-expr","locations":[{"start":{"line":368,"column":12},"end":{"line":368,"column":19}},{"start":{"line":368,"column":23},"end":{"line":368,"column":29}}]},"36":{"line":388,"type":"cond-expr","locations":[{"start":{"line":388,"column":26},"end":{"line":388,"column":33}},{"start":{"line":388,"column":36},"end":{"line":388,"column":39}}]},"37":{"line":401,"type":"binary-expr","locations":[{"start":{"line":401,"column":13},"end":{"line":401,"column":19}},{"start":{"line":401,"column":23},"end":{"line":401,"column":25}}]},"38":{"line":403,"type":"cond-expr","locations":[{"start":{"line":404,"column":6},"end":{"line":404,"column":12}},{"start":{"line":405,"column":6},"end":{"line":411,"column":5}}]},"39":{"line":407,"type":"if","locations":[{"start":{"line":407,"column":8},"end":{"line":407,"column":8}},{"start":{"line":407,"column":8},"end":{"line":407,"column":8}}]},"40":{"line":408,"type":"binary-expr","locations":[{"start":{"line":408,"column":21},"end":{"line":408,"column":30}},{"start":{"line":408,"column":34},"end":{"line":408,"column":36}}]},"41":{"line":409,"type":"binary-expr","locations":[{"start":{"line":409,"column":13},"end":{"line":409,"column":24}},{"start":{"line":409,"column":28},"end":{"line":409,"column":31}}]},"42":{"line":416,"type":"if","locations":[{"start":{"line":416,"column":2},"end":{"line":416,"column":2}},{"start":{"line":416,"column":2},"end":{"line":416,"column":2}}]},"43":{"line":417,"type":"binary-expr","locations":[{"start":{"line":417,"column":9},"end":{"line":417,"column":11}},{"start":{"line":417,"column":15},"end":{"line":417,"column":50}}]},"44":{"line":423,"type":"binary-expr","locations":[{"start":{"line":423,"column":9},"end":{"line":423,"column":11}},{"start":{"line":423,"column":15},"end":{"line":423,"column":75}}]}},"code":["var wcwidth","","try {","  wcwidth = require('wcwidth')","} catch(e) {}","","module.exports = Table","","function Table() {","  this.rows = []","  this.row = {__printers : {}}","}","","/**"," * Push the current row to the table and start a new one"," *"," * @returns {Table} `this`"," */","","Table.prototype.newRow = function() {","  this.rows.push(this.row)","  this.row = {__printers : {}}","  return this","}","","/**"," * Write cell in the current row"," *"," * @param {String} col          - Column name"," * @param {Any} val             - Cell value"," * @param {Function} [printer]  - Printer function to format the value"," * @returns {Table} `this`"," */","","Table.prototype.cell = function(col, val, printer) {","  this.row[col] = val","  this.row.__printers[col] = printer || string","  return this","}","","/**"," * String to separate columns"," */","","Table.prototype.separator = '  '","","function string(val) {","  return val === undefined ? '' : ''+val","}","","function length(str) {","  var s = str.replace(/\\u001b\\[\\d+m/g, '')","  return wcwidth == null ? s.length : wcwidth(s)","}","","/**"," * Default printer"," */","","Table.string = string","","/**"," * Create a printer which right aligns the content by padding with `ch` on the left"," *"," * @param {String} ch"," * @returns {Function}"," */","","Table.leftPadder = leftPadder","","function leftPadder(ch) {","  return function(val, width) {","    var str = string(val)","    var len = length(str)","    var pad = width > len ? Array(width - len + 1).join(ch) : ''","    return pad + str","  }","}","","/**"," * Printer which right aligns the content"," */","","var padLeft = Table.padLeft = leftPadder(' ')","","/**"," * Create a printer which pads with `ch` on the right"," *"," * @param {String} ch"," * @returns {Function}"," */","","Table.rightPadder = rightPadder","","function rightPadder(ch) {","  return function padRight(val, width) {","    var str = string(val)","    var len = length(str)","    var pad = width > len ? Array(width - len + 1).join(ch) : ''","    return str + pad","  }","}","","var padRight = rightPadder(' ')","","/**"," * Create a printer for numbers"," *"," * Will do right alignment and optionally fix the number of digits after decimal point"," *"," * @param {Number} [digits] - Number of digits for fixpoint notation"," * @returns {Function}"," */","","Table.number = function(digits) {","  return function(val, width) {","    if (val == null) return ''","    if (typeof val != 'number')","      throw new Error(''+val + ' is not a number')","    var str = digits == null ? val+'' : val.toFixed(digits)","    return padLeft(str, width)","  }","}","","function each(row, fn) {","  for(var key in row) {","    if (key == '__printers') continue","    fn(key, row[key])","  }","}","","/**"," * Get list of columns in printing order"," *"," * @returns {string[]}"," */","","Table.prototype.columns = function() {","  var cols = {}","  for(var i = 0; i < 2; i++) { // do 2 times","    this.rows.forEach(function(row) {","      var idx = 0","      each(row, function(key) {","        idx = Math.max(idx, cols[key] || 0)","        cols[key] = idx","        idx++","      })","    })","  }","  return Object.keys(cols).sort(function(a, b) {","    return cols[a] - cols[b]","  })","}","","/**"," * Format just rows, i.e. print the table without headers and totals"," *"," * @returns {String} String representaion of the table"," */","","Table.prototype.print = function() {","  var cols = this.columns()","  var separator = this.separator","  var widths = {}","  var out = ''","","  // Calc widths","  this.rows.forEach(function(row) {","    each(row, function(key, val) {","      var str = row.__printers[key].call(row, val)","      widths[key] = Math.max(length(str), widths[key] || 0)","    })","  })","","  // Now print","  this.rows.forEach(function(row) {","    var line = ''","    cols.forEach(function(key) {","      var width = widths[key]","      var str = row.hasOwnProperty(key)","        ? ''+row.__printers[key].call(row, row[key], width)","        : ''","      line += padRight(str, width) + separator","    })","    line = line.slice(0, -separator.length)","    out += line + '\\n'","  })","","  return out","}","","/**"," * Format the table"," *"," * @returns {String}"," */","","Table.prototype.toString = function() {","  var cols = this.columns()","  var out = new Table()","","  // copy options","  out.separator = this.separator","","  // Write header","  cols.forEach(function(col) {","    out.cell(col, col)","  })","  out.newRow()","  out.pushDelimeter(cols)","","  // Write body","  out.rows = out.rows.concat(this.rows)","","  // Totals","  if (this.totals && this.rows.length) {","    out.pushDelimeter(cols)","    this.forEachTotal(out.cell.bind(out))","    out.newRow()","  }","","  return out.print()","}","","/**"," * Push delimeter row to the table (with each cell filled with dashs during printing)"," *"," * @param {String[]} [cols]"," * @returns {Table} `this`"," */","","Table.prototype.pushDelimeter = function(cols) {","  cols = cols || this.columns()","  cols.forEach(function(col) {","    this.cell(col, undefined, leftPadder('-'))","  }, this)","  return this.newRow()","}","","/**"," * Compute all totals and yield the results to `cb`"," *"," * @param {Function} cb - Callback function with signature `(column, value, printer)`"," */","","Table.prototype.forEachTotal = function(cb) {","  for(var key in this.totals) {","    var aggr = this.totals[key]","    var acc = aggr.init","    var len = this.rows.length","    this.rows.forEach(function(row, idx) {","      acc = aggr.reduce.call(row, acc, row[key], idx, len)","    })","    cb(key, acc, aggr.printer)","  }","}","","/**"," * Format the table so that each row represents column and each column represents row"," *"," * @param {Object} [opts]"," * @param {String} [ops.separator] - Column separation string"," * @param {Function} [opts.namePrinter] - Printer to format column names"," * @returns {String}"," */","","Table.prototype.printTransposed = function(opts) {","  opts = opts || {}","  var out = new Table","  out.separator = opts.separator || this.separator","  this.columns().forEach(function(col) {","    out.cell(0, col, opts.namePrinter)","    this.rows.forEach(function(row, idx) {","      out.cell(idx+1, row[col], row.__printers[col])","    })","    out.newRow()","  }, this)","  return out.print()","}","","/**"," * Sort the table"," *"," * @param {Function|string[]} [cmp] - Either compare function or a list of columns to sort on"," * @returns {Table} `this`"," */","","Table.prototype.sort = function(cmp) {","  if (typeof cmp == 'function') {","    this.rows.sort(cmp)","    return this","  }","","  var keys = Array.isArray(cmp) ? cmp : this.columns()","","  var comparators = keys.map(function(key) {","    var order = 'asc'","    var m = /(.*)\\|\\s*(asc|des)\\s*$/.exec(key)","    if (m) {","      key = m[1]","      order = m[2]","    }","    return function (a, b) {","      return order == 'asc'","        ? compare(a[key], b[key])","        : compare(b[key], a[key])","    }","  })","","  return this.sort(function(a, b) {","    for (var i = 0; i < comparators.length; i++) {","      var order = comparators[i](a, b)","      if (order != 0) return order","    }","    return 0","  })","}","","function compare(a, b) {","  if (a === b) return 0","  if (a === undefined) return 1","  if (b === undefined) return -1","  if (a === null) return 1","  if (b === null) return -1","  if (a > b) return 1","  if (a < b) return -1","  return compare(String(a), String(b))","}","","/**"," * Add a total for the column"," *"," * @param {String} col - column name"," * @param {Object} [opts]"," * @param {Function} [opts.reduce = sum] - reduce(acc, val, idx, length) function to compute the total value"," * @param {Function} [opts.printer = padLeft] - Printer to format the total cell"," * @param {Any} [opts.init = 0] - Initial value for reduction"," * @returns {Table} `this`"," */","","Table.prototype.total = function(col, opts) {","  opts = opts || {}","  this.totals = this.totals || {}","  this.totals[col] = {","    reduce: opts.reduce || Table.aggr.sum,","    printer: opts.printer || padLeft,","    init: opts.init == null ? 0 : opts.init","  }","  return this","}","","/**"," * Predefined helpers for totals"," */","","Table.aggr = {}","","/**"," * Create a printer which formats the value with `printer`,"," * adds the `prefix` to it and right aligns the whole thing"," *"," * @param {String} prefix"," * @param {Function} printer"," * @returns {printer}"," */","","Table.aggr.printer = function(prefix, printer) {","  printer = printer || string","  return function(val, width) {","    return padLeft(prefix + printer(val), width)","  }","}","","/**"," * Sum reduction"," */","","Table.aggr.sum = function(acc, val) {","  return acc + val","}","","/**"," * Average reduction"," */","","Table.aggr.avg = function(acc, val, idx, len) {","  acc = acc + val","  return idx + 1 == len ? acc/len : acc","}","","/**"," * Print the array or object"," *"," * @param {Array|Object} obj - Object to print"," * @param {Function|Object} [format] - Format options"," * @param {Function} [cb] - Table post processing and formating"," * @returns {String}"," */","","Table.print = function(obj, format, cb) {","  var opts = format || {}","","  format = typeof format == 'function'","    ? format","    : function(obj, cell) {","      for(var key in obj) {","        if (!obj.hasOwnProperty(key)) continue","        var params = opts[key] || {}","        cell(params.name || key, obj[key], params.printer)","      }","    }","","  var t = new Table","  var cell = t.cell.bind(t)","","  if (Array.isArray(obj)) {","    cb = cb || function(t) { return t.toString() }","    obj.forEach(function(item) {","      format(item, cell)","      t.newRow()","    })","  } else {","    cb = cb || function(t) { return t.printTransposed({separator: ' : '}) }","    format(obj, cell)","    t.newRow()","  }","","  return cb(t)","}","","/**"," * Same as `Table.print()` but yields the result to `console.log()`"," */","","Table.log = function(obj, format, cb) {","  console.log(Table.print(obj, format, cb))","}","","/**"," * Same as `.toString()` but yields the result to `console.log()`"," */","","Table.prototype.log = function() {","  console.log(this.toString())","}",""],"l":{"1":1,"3":1,"4":1,"7":1,"9":1,"10":0,"11":0,"20":1,"21":0,"22":0,"23":0,"35":1,"36":0,"37":0,"38":0,"45":1,"47":1,"48":0,"51":1,"52":0,"53":0,"60":1,"69":1,"71":1,"72":1,"73":0,"74":0,"75":0,"76":0,"84":1,"93":1,"95":1,"96":1,"97":0,"98":0,"99":0,"100":0,"104":1,"115":1,"116":0,"117":0,"118":0,"119":0,"120":0,"121":0,"125":1,"126":0,"127":0,"128":0,"138":1,"139":0,"140":0,"141":0,"142":0,"143":0,"144":0,"145":0,"146":0,"150":0,"151":0,"161":1,"162":0,"163":0,"164":0,"165":0,"168":0,"169":0,"170":0,"171":0,"176":0,"177":0,"178":0,"179":0,"180":0,"183":0,"185":0,"186":0,"189":0,"198":1,"199":0,"200":0,"203":0,"206":0,"207":0,"209":0,"210":0,"213":0,"216":0,"217":0,"218":0,"219":0,"222":0,"232":1,"233":0,"234":0,"235":0,"237":0,"246":1,"247":0,"248":0,"249":0,"250":0,"251":0,"252":0,"254":0,"267":1,"268":0,"269":0,"270":0,"271":0,"272":0,"273":0,"274":0,"276":0,"278":0,"288":1,"289":0,"290":0,"291":0,"294":0,"296":0,"297":0,"298":0,"299":0,"300":0,"301":0,"303":0,"304":0,"310":0,"311":0,"312":0,"313":0,"315":0,"319":1,"320":0,"321":0,"322":0,"323":0,"324":0,"325":0,"326":0,"327":0,"341":1,"342":0,"343":0,"344":0,"349":0,"356":1,"367":1,"368":0,"369":0,"370":0,"378":1,"379":0,"386":1,"387":0,"388":0,"400":1,"401":0,"403":0,"406":0,"407":0,"408":0,"409":0,"413":0,"414":0,"416":0,"417":0,"418":0,"419":0,"420":0,"423":0,"424":0,"425":0,"428":0,"435":1,"436":0,"443":1,"444":0}}}